[debug] [2018-10-17T17:35:37.645Z] ----------------------------------------------------------------------
[debug] [2018-10-17T17:35:37.654Z] Command:       C:\Program Files\nodejs\node.exe C:\Users\khairul\AppData\Roaming\npm\node_modules\firebase-tools\bin\firebase deploy
[debug] [2018-10-17T17:35:37.655Z] CLI Version:   5.1.1
[debug] [2018-10-17T17:35:37.655Z] Platform:      win32
[debug] [2018-10-17T17:35:37.655Z] Node Version:  v8.11.3
[debug] [2018-10-17T17:35:37.656Z] Time:          Wed Oct 17 2018 23:35:37 GMT+0600 (Bangladesh Standard Time)
[debug] [2018-10-17T17:35:37.657Z] ----------------------------------------------------------------------
[debug] 
[debug] [2018-10-17T17:35:37.693Z] > command requires scopes: ["email","openid","https://www.googleapis.com/auth/cloudplatformprojects.readonly","https://www.googleapis.com/auth/firebase","https://www.googleapis.com/auth/cloud-platform"]
[debug] [2018-10-17T17:35:37.695Z] > authorizing via signed-in user
[debug] [2018-10-17T17:35:37.696Z] [iam] checking project vehicle-registration-19db3 for permissions ["datastore.indexes.create","datastore.indexes.delete","datastore.indexes.list","datastore.indexes.update","firebase.projects.get","firebasedatabase.instances.update","firebasehosting.sites.update","firebaserules.releases.create","firebaserules.releases.update","firebaserules.rulesets.create"]
[debug] [2018-10-17T17:35:37.702Z] >>> HTTP REQUEST POST https://cloudresourcemanager.googleapis.com/v1/projects/vehicle-registration-19db3:testIamPermissions  

[debug] [2018-10-17T17:35:39.483Z] <<< HTTP RESPONSE 200
[debug] [2018-10-17T17:35:39.489Z] >>> HTTP REQUEST GET https://firebase.googleapis.com/v1beta1/projects/vehicle-registration-19db3  
 
[debug] [2018-10-17T17:35:39.956Z] <<< HTTP RESPONSE 200
[info] 
[info] === Deploying to 'vehicle-registration-19db3'...
[info] 
[info] i  deploying database, storage, firestore, hosting
[info] i  database: checking rules syntax...
[debug] [2018-10-17T17:35:39.982Z] >>> HTTP REQUEST PUT https://vehicle-registration-19db3.firebaseio.com/.settings/rules.json?dryRun=true  
 {
  /* Visit https://firebase.google.com/docs/database/security to learn more about security rules. */
  "rules": {
    ".read": true,
    ".write": true
  }
}
[debug] [2018-10-17T17:35:41.051Z] <<< HTTP RESPONSE 200
[info] +  database: rules syntax for database vehicle-registration-19db3 is valid
[debug] [2018-10-17T17:35:41.056Z] >>> HTTP REQUEST GET https://appengine.googleapis.com/v1/apps/vehicle-registration-19db3  
 
[debug] [2018-10-17T17:35:43.057Z] <<< HTTP RESPONSE 200
[info] i  storage: checking storage.rules for compilation errors...
[debug] [2018-10-17T17:35:43.062Z] >>> HTTP REQUEST POST https://firebaserules.googleapis.com/v1/projects/vehicle-registration-19db3:test  

[debug] [2018-10-17T17:35:44.677Z] <<< HTTP RESPONSE 200
[info] +  storage: rules file storage.rules compiled successfully
[info] i  firestore: checking firestore.rules for compilation errors...
[debug] [2018-10-17T17:35:44.913Z] >>> HTTP REQUEST POST https://firebaserules.googleapis.com/v1/projects/vehicle-registration-19db3:test  

